13:11:40 **** プロジェクト btstack に対する構成 Debug の 逐次ビルド ****
make -j8 all 
arm-none-eabi-gcc -mcpu=cortex-a9 -march=armv7-a -marm -mthumb-interwork -mlittle-endian -mfloat-abi=hard -mfpu=vfpv3-d16 -O0 -fmessage-length=0 -fsigned-char -ffunction-sections -fdata-sections -Wnull-dereference -g3 -Wstack-usage=100 -D__FPU_PRESENT -D__CORTEX_A9 -D_DEFAULT_SOURCE -I"C:\trunk_tecs+ecnl\trunk\musl-1.1.18\include" -I"C:\trunk_tecs+ecnl\trunk\btstack\include" -I"C:\trunk_tecs+ecnl\trunk\btstack\src" -std=gnu11 -MMD -MP -MF"src/bnep.d" -MT"src/bnep.o" -c -o "src/bnep.o" "../src/bnep.c"
arm-none-eabi-gcc -mcpu=cortex-a9 -march=armv7-a -marm -mthumb-interwork -mlittle-endian -mfloat-abi=hard -mfpu=vfpv3-d16 -O0 -fmessage-length=0 -fsigned-char -ffunction-sections -fdata-sections -Wnull-dereference -g3 -Wstack-usage=100 -D__FPU_PRESENT -D__CORTEX_A9 -D_DEFAULT_SOURCE -I"C:\trunk_tecs+ecnl\trunk\musl-1.1.18\include" -I"C:\trunk_tecs+ecnl\trunk\btstack\include" -I"C:\trunk_tecs+ecnl\trunk\btstack\src" -std=gnu11 -MMD -MP -MF"src/btstack_memory.d" -MT"src/btstack_memory.o" -c -o "src/btstack_memory.o" "../src/btstack_memory.c"
arm-none-eabi-gcc -mcpu=cortex-a9 -march=armv7-a -marm -mthumb-interwork -mlittle-endian -mfloat-abi=hard -mfpu=vfpv3-d16 -O0 -fmessage-length=0 -fsigned-char -ffunction-sections -fdata-sections -Wnull-dereference -g3 -Wstack-usage=100 -D__FPU_PRESENT -D__CORTEX_A9 -D_DEFAULT_SOURCE -I"C:\trunk_tecs+ecnl\trunk\musl-1.1.18\include" -I"C:\trunk_tecs+ecnl\trunk\btstack\include" -I"C:\trunk_tecs+ecnl\trunk\btstack\src" -std=gnu11 -MMD -MP -MF"src/hci.d" -MT"src/hci.o" -c -o "src/hci.o" "../src/hci.c"
arm-none-eabi-gcc -mcpu=cortex-a9 -march=armv7-a -marm -mthumb-interwork -mlittle-endian -mfloat-abi=hard -mfpu=vfpv3-d16 -O0 -fmessage-length=0 -fsigned-char -ffunction-sections -fdata-sections -Wnull-dereference -g3 -Wstack-usage=100 -D__FPU_PRESENT -D__CORTEX_A9 -D_DEFAULT_SOURCE -I"C:\trunk_tecs+ecnl\trunk\musl-1.1.18\include" -I"C:\trunk_tecs+ecnl\trunk\btstack\include" -I"C:\trunk_tecs+ecnl\trunk\btstack\src" -std=gnu11 -MMD -MP -MF"src/hci_cmds.d" -MT"src/hci_cmds.o" -c -o "src/hci_cmds.o" "../src/hci_cmds.c"
arm-none-eabi-gcc -mcpu=cortex-a9 -march=armv7-a -marm -mthumb-interwork -mlittle-endian -mfloat-abi=hard -mfpu=vfpv3-d16 -O0 -fmessage-length=0 -fsigned-char -ffunction-sections -fdata-sections -Wnull-dereference -g3 -Wstack-usage=100 -D__FPU_PRESENT -D__CORTEX_A9 -D_DEFAULT_SOURCE -I"C:\trunk_tecs+ecnl\trunk\musl-1.1.18\include" -I"C:\trunk_tecs+ecnl\trunk\btstack\include" -I"C:\trunk_tecs+ecnl\trunk\btstack\src" -std=gnu11 -MMD -MP -MF"src/hci_dump.d" -MT"src/hci_dump.o" -c -o "src/hci_dump.o" "../src/hci_dump.c"
arm-none-eabi-gcc -mcpu=cortex-a9 -march=armv7-a -marm -mthumb-interwork -mlittle-endian -mfloat-abi=hard -mfpu=vfpv3-d16 -O0 -fmessage-length=0 -fsigned-char -ffunction-sections -fdata-sections -Wnull-dereference -g3 -Wstack-usage=100 -D__FPU_PRESENT -D__CORTEX_A9 -D_DEFAULT_SOURCE -I"C:\trunk_tecs+ecnl\trunk\musl-1.1.18\include" -I"C:\trunk_tecs+ecnl\trunk\btstack\include" -I"C:\trunk_tecs+ecnl\trunk\btstack\src" -std=gnu11 -MMD -MP -MF"src/l2cap.d" -MT"src/l2cap.o" -c -o "src/l2cap.o" "../src/l2cap.c"
arm-none-eabi-gcc -mcpu=cortex-a9 -march=armv7-a -marm -mthumb-interwork -mlittle-endian -mfloat-abi=hard -mfpu=vfpv3-d16 -O0 -fmessage-length=0 -fsigned-char -ffunction-sections -fdata-sections -Wnull-dereference -g3 -Wstack-usage=100 -D__FPU_PRESENT -D__CORTEX_A9 -D_DEFAULT_SOURCE -I"C:\trunk_tecs+ecnl\trunk\musl-1.1.18\include" -I"C:\trunk_tecs+ecnl\trunk\btstack\include" -I"C:\trunk_tecs+ecnl\trunk\btstack\src" -std=gnu11 -MMD -MP -MF"src/l2cap_signaling.d" -MT"src/l2cap_signaling.o" -c -o "src/l2cap_signaling.o" "../src/l2cap_signaling.c"
arm-none-eabi-gcc -mcpu=cortex-a9 -march=armv7-a -marm -mthumb-interwork -mlittle-endian -mfloat-abi=hard -mfpu=vfpv3-d16 -O0 -fmessage-length=0 -fsigned-char -ffunction-sections -fdata-sections -Wnull-dereference -g3 -Wstack-usage=100 -D__FPU_PRESENT -D__CORTEX_A9 -D_DEFAULT_SOURCE -I"C:\trunk_tecs+ecnl\trunk\musl-1.1.18\include" -I"C:\trunk_tecs+ecnl\trunk\btstack\include" -I"C:\trunk_tecs+ecnl\trunk\btstack\src" -std=gnu11 -MMD -MP -MF"src/linked_list.d" -MT"src/linked_list.o" -c -o "src/linked_list.o" "../src/linked_list.c"
../src/hci.c: In function 'hci_emit_remote_name_cached':
../src/hci.c:2396:6: warning: stack usage is 280 bytes [-Wstack-usage=]
 void hci_emit_remote_name_cached(bd_addr_t *addr, device_name_t *name){
      ^~~~~~~~~~~~~~~~~~~~~~~~~~~
arm-none-eabi-gcc -mcpu=cortex-a9 -march=armv7-a -marm -mthumb-interwork -mlittle-endian -mfloat-abi=hard -mfpu=vfpv3-d16 -O0 -fmessage-length=0 -fsigned-char -ffunction-sections -fdata-sections -Wnull-dereference -g3 -Wstack-usage=100 -D__FPU_PRESENT -D__CORTEX_A9 -D_DEFAULT_SOURCE -I"C:\trunk_tecs+ecnl\trunk\musl-1.1.18\include" -I"C:\trunk_tecs+ecnl\trunk\btstack\include" -I"C:\trunk_tecs+ecnl\trunk\btstack\src" -std=gnu11 -MMD -MP -MF"src/memory_pool.d" -MT"src/memory_pool.o" -c -o "src/memory_pool.o" "../src/memory_pool.c"
arm-none-eabi-gcc -mcpu=cortex-a9 -march=armv7-a -marm -mthumb-interwork -mlittle-endian -mfloat-abi=hard -mfpu=vfpv3-d16 -O0 -fmessage-length=0 -fsigned-char -ffunction-sections -fdata-sections -Wnull-dereference -g3 -Wstack-usage=100 -D__FPU_PRESENT -D__CORTEX_A9 -D_DEFAULT_SOURCE -I"C:\trunk_tecs+ecnl\trunk\musl-1.1.18\include" -I"C:\trunk_tecs+ecnl\trunk\btstack\include" -I"C:\trunk_tecs+ecnl\trunk\btstack\src" -std=gnu11 -MMD -MP -MF"src/pan.d" -MT"src/pan.o" -c -o "src/pan.o" "../src/pan.c"
arm-none-eabi-gcc -mcpu=cortex-a9 -march=armv7-a -marm -mthumb-interwork -mlittle-endian -mfloat-abi=hard -mfpu=vfpv3-d16 -O0 -fmessage-length=0 -fsigned-char -ffunction-sections -fdata-sections -Wnull-dereference -g3 -Wstack-usage=100 -D__FPU_PRESENT -D__CORTEX_A9 -D_DEFAULT_SOURCE -I"C:\trunk_tecs+ecnl\trunk\musl-1.1.18\include" -I"C:\trunk_tecs+ecnl\trunk\btstack\include" -I"C:\trunk_tecs+ecnl\trunk\btstack\src" -std=gnu11 -MMD -MP -MF"src/remote_device_db_memory.d" -MT"src/remote_device_db_memory.o" -c -o "src/remote_device_db_memory.o" "../src/remote_device_db_memory.c"
arm-none-eabi-gcc -mcpu=cortex-a9 -march=armv7-a -marm -mthumb-interwork -mlittle-endian -mfloat-abi=hard -mfpu=vfpv3-d16 -O0 -fmessage-length=0 -fsigned-char -ffunction-sections -fdata-sections -Wnull-dereference -g3 -Wstack-usage=100 -D__FPU_PRESENT -D__CORTEX_A9 -D_DEFAULT_SOURCE -I"C:\trunk_tecs+ecnl\trunk\musl-1.1.18\include" -I"C:\trunk_tecs+ecnl\trunk\btstack\include" -I"C:\trunk_tecs+ecnl\trunk\btstack\src" -std=gnu11 -MMD -MP -MF"src/rfcomm.d" -MT"src/rfcomm.o" -c -o "src/rfcomm.o" "../src/rfcomm.c"
arm-none-eabi-gcc -mcpu=cortex-a9 -march=armv7-a -marm -mthumb-interwork -mlittle-endian -mfloat-abi=hard -mfpu=vfpv3-d16 -O0 -fmessage-length=0 -fsigned-char -ffunction-sections -fdata-sections -Wnull-dereference -g3 -Wstack-usage=100 -D__FPU_PRESENT -D__CORTEX_A9 -D_DEFAULT_SOURCE -I"C:\trunk_tecs+ecnl\trunk\musl-1.1.18\include" -I"C:\trunk_tecs+ecnl\trunk\btstack\include" -I"C:\trunk_tecs+ecnl\trunk\btstack\src" -std=gnu11 -MMD -MP -MF"src/run_loop.d" -MT"src/run_loop.o" -c -o "src/run_loop.o" "../src/run_loop.c"
arm-none-eabi-gcc -mcpu=cortex-a9 -march=armv7-a -marm -mthumb-interwork -mlittle-endian -mfloat-abi=hard -mfpu=vfpv3-d16 -O0 -fmessage-length=0 -fsigned-char -ffunction-sections -fdata-sections -Wnull-dereference -g3 -Wstack-usage=100 -D__FPU_PRESENT -D__CORTEX_A9 -D_DEFAULT_SOURCE -I"C:\trunk_tecs+ecnl\trunk\musl-1.1.18\include" -I"C:\trunk_tecs+ecnl\trunk\btstack\include" -I"C:\trunk_tecs+ecnl\trunk\btstack\src" -std=gnu11 -MMD -MP -MF"src/run_loop_embedded.d" -MT"src/run_loop_embedded.o" -c -o "src/run_loop_embedded.o" "../src/run_loop_embedded.c"
arm-none-eabi-gcc -mcpu=cortex-a9 -march=armv7-a -marm -mthumb-interwork -mlittle-endian -mfloat-abi=hard -mfpu=vfpv3-d16 -O0 -fmessage-length=0 -fsigned-char -ffunction-sections -fdata-sections -Wnull-dereference -g3 -Wstack-usage=100 -D__FPU_PRESENT -D__CORTEX_A9 -D_DEFAULT_SOURCE -I"C:\trunk_tecs+ecnl\trunk\musl-1.1.18\include" -I"C:\trunk_tecs+ecnl\trunk\btstack\include" -I"C:\trunk_tecs+ecnl\trunk\btstack\src" -std=gnu11 -MMD -MP -MF"src/sdp.d" -MT"src/sdp.o" -c -o "src/sdp.o" "../src/sdp.c"
arm-none-eabi-gcc -mcpu=cortex-a9 -march=armv7-a -marm -mthumb-interwork -mlittle-endian -mfloat-abi=hard -mfpu=vfpv3-d16 -O0 -fmessage-length=0 -fsigned-char -ffunction-sections -fdata-sections -Wnull-dereference -g3 -Wstack-usage=100 -D__FPU_PRESENT -D__CORTEX_A9 -D_DEFAULT_SOURCE -I"C:\trunk_tecs+ecnl\trunk\musl-1.1.18\include" -I"C:\trunk_tecs+ecnl\trunk\btstack\include" -I"C:\trunk_tecs+ecnl\trunk\btstack\src" -std=gnu11 -MMD -MP -MF"src/sdp_client.d" -MT"src/sdp_client.o" -c -o "src/sdp_client.o" "../src/sdp_client.c"
arm-none-eabi-gcc -mcpu=cortex-a9 -march=armv7-a -marm -mthumb-interwork -mlittle-endian -mfloat-abi=hard -mfpu=vfpv3-d16 -O0 -fmessage-length=0 -fsigned-char -ffunction-sections -fdata-sections -Wnull-dereference -g3 -Wstack-usage=100 -D__FPU_PRESENT -D__CORTEX_A9 -D_DEFAULT_SOURCE -I"C:\trunk_tecs+ecnl\trunk\musl-1.1.18\include" -I"C:\trunk_tecs+ecnl\trunk\btstack\include" -I"C:\trunk_tecs+ecnl\trunk\btstack\src" -std=gnu11 -MMD -MP -MF"src/sdp_parser.d" -MT"src/sdp_parser.o" -c -o "src/sdp_parser.o" "../src/sdp_parser.c"
arm-none-eabi-gcc -mcpu=cortex-a9 -march=armv7-a -marm -mthumb-interwork -mlittle-endian -mfloat-abi=hard -mfpu=vfpv3-d16 -O0 -fmessage-length=0 -fsigned-char -ffunction-sections -fdata-sections -Wnull-dereference -g3 -Wstack-usage=100 -D__FPU_PRESENT -D__CORTEX_A9 -D_DEFAULT_SOURCE -I"C:\trunk_tecs+ecnl\trunk\musl-1.1.18\include" -I"C:\trunk_tecs+ecnl\trunk\btstack\include" -I"C:\trunk_tecs+ecnl\trunk\btstack\src" -std=gnu11 -MMD -MP -MF"src/sdp_query_rfcomm.d" -MT"src/sdp_query_rfcomm.o" -c -o "src/sdp_query_rfcomm.o" "../src/sdp_query_rfcomm.c"
arm-none-eabi-gcc -mcpu=cortex-a9 -march=armv7-a -marm -mthumb-interwork -mlittle-endian -mfloat-abi=hard -mfpu=vfpv3-d16 -O0 -fmessage-length=0 -fsigned-char -ffunction-sections -fdata-sections -Wnull-dereference -g3 -Wstack-usage=100 -D__FPU_PRESENT -D__CORTEX_A9 -D_DEFAULT_SOURCE -I"C:\trunk_tecs+ecnl\trunk\musl-1.1.18\include" -I"C:\trunk_tecs+ecnl\trunk\btstack\include" -I"C:\trunk_tecs+ecnl\trunk\btstack\src" -std=gnu11 -MMD -MP -MF"src/sdp_query_util.d" -MT"src/sdp_query_util.o" -c -o "src/sdp_query_util.o" "../src/sdp_query_util.c"
arm-none-eabi-gcc -mcpu=cortex-a9 -march=armv7-a -marm -mthumb-interwork -mlittle-endian -mfloat-abi=hard -mfpu=vfpv3-d16 -O0 -fmessage-length=0 -fsigned-char -ffunction-sections -fdata-sections -Wnull-dereference -g3 -Wstack-usage=100 -D__FPU_PRESENT -D__CORTEX_A9 -D_DEFAULT_SOURCE -I"C:\trunk_tecs+ecnl\trunk\musl-1.1.18\include" -I"C:\trunk_tecs+ecnl\trunk\btstack\include" -I"C:\trunk_tecs+ecnl\trunk\btstack\src" -std=gnu11 -MMD -MP -MF"src/sdp_util.d" -MT"src/sdp_util.o" -c -o "src/sdp_util.o" "../src/sdp_util.c"
arm-none-eabi-gcc -mcpu=cortex-a9 -march=armv7-a -marm -mthumb-interwork -mlittle-endian -mfloat-abi=hard -mfpu=vfpv3-d16 -O0 -fmessage-length=0 -fsigned-char -ffunction-sections -fdata-sections -Wnull-dereference -g3 -Wstack-usage=100 -D__FPU_PRESENT -D__CORTEX_A9 -D_DEFAULT_SOURCE -I"C:\trunk_tecs+ecnl\trunk\musl-1.1.18\include" -I"C:\trunk_tecs+ecnl\trunk\btstack\include" -I"C:\trunk_tecs+ecnl\trunk\btstack\src" -std=gnu11 -MMD -MP -MF"src/utils.d" -MT"src/utils.o" -c -o "src/utils.o" "../src/utils.c"
../src/utils.c: In function 'hexdump':
../src/utils.c:119:6: warning: stack usage is 136 bytes [-Wstack-usage=]
 void hexdump(const void *data, int size){
      ^~~~~~~
../src/utils.c: In function 'hexdumpf':
../src/utils.c:146:6: warning: stack usage is 136 bytes [-Wstack-usage=]
 void hexdumpf(const void *data, int size){
      ^~~~~~~~
../src/utils.c: In function 'printUUID128':
../src/utils.c:178:6: warning: stack usage is 112 bytes [-Wstack-usage=]
 void printUUID128(uint8_t *uuid) {
      ^~~~~~~~~~~~
arm-none-eabi-ar: creating libbtstack.a

13:11:43 Build Finished. 0 errors, 4 warnings. (took 2s.954ms)

